0 verbose cli D:\work\junior_year\software_engineering\teamwork\frontend\nodejs\node.exe D:\work\junior_year\software_engineering\teamwork\frontend\nodejs\node_modules\npm\bin\npm-cli.js
1 info using npm@11.6.1
2 info using node@v24.11.0
3 silly config load:file:D:\work\junior_year\software_engineering\teamwork\frontend\nodejs\node_modules\npm\npmrc
4 silly config load:file:D:\work\junior_year\software_engineering\teamwork\frontend\.npmrc
5 silly config load:file:C:\Users\GRAY DIODE\.npmrc
6 silly config load:file:D:\work\junior_year\software_engineering\teamwork\frontend\nodejs\node_global\etc\npmrc
7 verbose title npm create vite@latest SmartSpar_BikeHub --template react-ts
8 verbose argv "create" "vite@latest" "SmartSpar_BikeHub" "--" "--template" "react-ts"
9 verbose logfile logs-max:10 dir:D:\work\junior_year\software_engineering\teamwork\frontend\nodejs\node_cache\_logs\2025-11-04T08_23_36_981Z-
10 verbose logfile D:\work\junior_year\software_engineering\teamwork\frontend\nodejs\node_cache\_logs\2025-11-04T08_23_36_981Z-debug-0.log
11 silly logfile done cleaning log files
12 silly packumentCache heap:4496293888 maxSize:1124073472 maxEntrySize:562036736
13 http fetch GET 200 https://registry.npmjs.org/create-vite 1245ms (cache miss)
14 silly packumentCache heap:4496293888 maxSize:1124073472 maxEntrySize:562036736
15 silly idealTree buildDeps
16 silly fetch manifest create-vite@8.0.2
17 silly packumentCache full:https://registry.npmjs.org/create-vite cache-miss
18 http fetch GET 200 https://registry.npmjs.org/create-vite 127ms (cache miss)
19 silly packumentCache full:https://registry.npmjs.org/create-vite set size:undefined disposed:false
20 silly placeDep ROOT create-vite@8.0.2 OK for:  want: 8.0.2
21 silly reify moves {}
22 silly audit bulk request { 'create-vite': [ '8.0.2' ] }
23 http cache create-vite@https://registry.npmjs.org/create-vite/-/create-vite-8.0.2.tgz 0ms (cache hit)
24 silly tarball no local data for create-vite@https://registry.npmjs.org/create-vite/-/create-vite-8.0.2.tgz. Extracting by manifest.
25 http fetch POST 200 https://registry.npmjs.org/-/npm/v1/security/advisories/bulk 472ms
26 silly audit report {}
27 http fetch GET 200 https://registry.npmjs.org/create-vite/-/create-vite-8.0.2.tgz 738ms (cache miss)
28 verbose cwd D:\work\junior_year\software_engineering\teamwork\frontend
29 verbose os Windows_NT 10.0.26200
30 verbose node v24.11.0
31 verbose npm  v11.6.1
32 verbose exit 0
33 info ok
