0 verbose cli D:\work\junior_year\software_engineering\teamwork\frontend\nodejs\node.exe D:\work\junior_year\software_engineering\teamwork\frontend\nodejs\node_modules\npm\bin\npm-cli.js
1 info using npm@11.6.1
2 info using node@v24.11.0
3 silly config load:file:D:\work\junior_year\software_engineering\teamwork\frontend\nodejs\node_modules\npm\npmrc
4 silly config load:file:C:\Users\GRAY DIODE\.npmrc
5 silly config load:file:D:\work\junior_year\software_engineering\teamwork\frontend\nodejs\node_global\etc\npmrc
6 verbose title npm install express
7 verbose argv "install" "express" "--global"
8 verbose logfile logs-max:10 dir:D:\work\junior_year\software_engineering\teamwork\frontend\nodejs\node_cache\_logs\2025-11-04T08_15_38_134Z-
9 verbose logfile D:\work\junior_year\software_engineering\teamwork\frontend\nodejs\node_cache\_logs\2025-11-04T08_15_38_134Z-debug-0.log
10 silly packumentCache heap:4496293888 maxSize:1124073472 maxEntrySize:562036736
11 silly logfile done cleaning log files
12 silly idealTree buildDeps
13 silly fetch manifest express@*
14 silly packumentCache full:https://registry.npmjs.org/express cache-miss
15 http fetch GET 200 https://registry.npmjs.org/express 499ms (cache miss)
16 silly packumentCache full:https://registry.npmjs.org/express set size:undefined disposed:false
17 silly placeDep ROOT express@5.1.0 OK for:  want: *
18 silly fetch manifest qs@^6.14.0
19 silly packumentCache full:https://registry.npmjs.org/qs cache-miss
20 silly fetch manifest etag@^1.8.1
21 silly packumentCache full:https://registry.npmjs.org/etag cache-miss
22 silly fetch manifest once@^1.4.0
23 silly packumentCache full:https://registry.npmjs.org/once cache-miss
24 silly fetch manifest send@^1.1.0
25 silly packumentCache full:https://registry.npmjs.org/send cache-miss
26 silly fetch manifest vary@^1.1.2
27 silly packumentCache full:https://registry.npmjs.org/vary cache-miss
28 silly fetch manifest debug@^4.4.0
29 silly packumentCache full:https://registry.npmjs.org/debug cache-miss
30 silly fetch manifest fresh@^2.0.0
31 silly packumentCache full:https://registry.npmjs.org/fresh cache-miss
32 silly fetch manifest cookie@^0.7.1
33 silly packumentCache full:https://registry.npmjs.org/cookie cache-miss
34 silly fetch manifest router@^2.2.0
35 silly packumentCache full:https://registry.npmjs.org/router cache-miss
36 silly fetch manifest accepts@^2.0.0
37 silly packumentCache full:https://registry.npmjs.org/accepts cache-miss
38 silly fetch manifest type-is@^2.0.1
39 silly packumentCache full:https://registry.npmjs.org/type-is cache-miss
40 silly fetch manifest parseurl@^1.3.3
41 silly packumentCache full:https://registry.npmjs.org/parseurl cache-miss
42 silly fetch manifest statuses@^2.0.1
43 silly packumentCache full:https://registry.npmjs.org/statuses cache-miss
44 silly fetch manifest encodeurl@^2.0.0
45 silly packumentCache full:https://registry.npmjs.org/encodeurl cache-miss
46 silly fetch manifest mime-types@^3.0.0
47 silly packumentCache full:https://registry.npmjs.org/mime-types cache-miss
48 http fetch GET 200 https://registry.npmjs.org/npm 651ms
49 http fetch GET 200 https://registry.npmjs.org/qs 149ms (cache miss)
50 silly packumentCache full:https://registry.npmjs.org/qs set size:undefined disposed:false
51 silly fetch manifest proxy-addr@^2.0.7
52 silly packumentCache full:https://registry.npmjs.org/proxy-addr cache-miss
53 http fetch GET 200 https://registry.npmjs.org/mime-types 205ms (cache miss)
54 silly packumentCache full:https://registry.npmjs.org/mime-types set size:undefined disposed:false
55 silly fetch manifest body-parser@^2.2.0
56 silly packumentCache full:https://registry.npmjs.org/body-parser cache-miss
57 http fetch GET 200 https://registry.npmjs.org/proxy-addr 136ms (cache miss)
58 silly packumentCache full:https://registry.npmjs.org/proxy-addr set size:undefined disposed:false
59 silly fetch manifest escape-html@^1.0.3
60 silly packumentCache full:https://registry.npmjs.org/escape-html cache-miss
61 http fetch GET 200 https://registry.npmjs.org/once 479ms (cache miss)
62 silly packumentCache full:https://registry.npmjs.org/once set size:undefined disposed:false
63 silly fetch manifest http-errors@^2.0.0
64 silly packumentCache full:https://registry.npmjs.org/http-errors cache-miss
65 http fetch GET 200 https://registry.npmjs.org/accepts 493ms (cache miss)
66 silly packumentCache full:https://registry.npmjs.org/accepts set size:undefined disposed:false
67 silly fetch manifest on-finished@^2.4.1
68 silly packumentCache full:https://registry.npmjs.org/on-finished cache-miss
69 http fetch GET 200 https://registry.npmjs.org/etag 501ms (cache miss)
70 silly packumentCache full:https://registry.npmjs.org/etag set size:undefined disposed:false
71 silly fetch manifest content-type@^1.0.5
72 silly packumentCache full:https://registry.npmjs.org/content-type cache-miss
73 http fetch GET 200 https://registry.npmjs.org/fresh 501ms (cache miss)
74 silly packumentCache full:https://registry.npmjs.org/fresh set size:undefined disposed:false
75 silly fetch manifest finalhandler@^2.1.0
76 silly packumentCache full:https://registry.npmjs.org/finalhandler cache-miss
77 http fetch GET 200 https://registry.npmjs.org/encodeurl 504ms (cache miss)
78 silly packumentCache full:https://registry.npmjs.org/encodeurl set size:undefined disposed:false
79 silly fetch manifest range-parser@^1.2.1
80 silly packumentCache full:https://registry.npmjs.org/range-parser cache-miss
81 http fetch GET 200 https://registry.npmjs.org/vary 512ms (cache miss)
82 silly packumentCache full:https://registry.npmjs.org/vary set size:undefined disposed:false
83 silly fetch manifest serve-static@^2.2.0
84 silly packumentCache full:https://registry.npmjs.org/serve-static cache-miss
85 http fetch GET 200 https://registry.npmjs.org/parseurl 512ms (cache miss)
86 silly packumentCache full:https://registry.npmjs.org/parseurl set size:undefined disposed:false
87 silly fetch manifest cookie-signature@^1.2.1
88 silly packumentCache full:https://registry.npmjs.org/cookie-signature cache-miss
89 http fetch GET 200 https://registry.npmjs.org/cookie 519ms (cache miss)
90 silly packumentCache full:https://registry.npmjs.org/cookie set size:undefined disposed:false
91 silly fetch manifest merge-descriptors@^2.0.0
92 silly packumentCache full:https://registry.npmjs.org/merge-descriptors cache-miss
93 http fetch GET 200 https://registry.npmjs.org/escape-html 237ms (cache miss)
94 silly packumentCache full:https://registry.npmjs.org/escape-html set size:undefined disposed:false
95 silly fetch manifest content-disposition@^1.0.0
96 silly packumentCache full:https://registry.npmjs.org/content-disposition cache-miss
97 http fetch GET 200 https://registry.npmjs.org/send 526ms (cache miss)
98 silly packumentCache full:https://registry.npmjs.org/send set size:undefined disposed:false
99 http fetch GET 200 https://registry.npmjs.org/type-is 527ms (cache miss)
100 silly packumentCache full:https://registry.npmjs.org/type-is set size:undefined disposed:false
101 http fetch GET 200 https://registry.npmjs.org/router 532ms (cache miss)
102 silly packumentCache full:https://registry.npmjs.org/router set size:undefined disposed:false
103 http fetch GET 200 https://registry.npmjs.org/debug 539ms (cache miss)
104 silly packumentCache full:https://registry.npmjs.org/debug set size:undefined disposed:false
105 http fetch GET 200 https://registry.npmjs.org/body-parser 333ms (cache miss)
106 silly packumentCache full:https://registry.npmjs.org/body-parser set size:undefined disposed:false
107 http fetch GET 200 https://registry.npmjs.org/statuses 543ms (cache miss)
108 silly packumentCache full:https://registry.npmjs.org/statuses set size:undefined disposed:false
109 http fetch GET 200 https://registry.npmjs.org/content-type 134ms (cache miss)
110 silly packumentCache full:https://registry.npmjs.org/content-type set size:undefined disposed:false
111 http fetch GET 200 https://registry.npmjs.org/on-finished 138ms (cache miss)
112 silly packumentCache full:https://registry.npmjs.org/on-finished set size:undefined disposed:false
113 http fetch GET 200 https://registry.npmjs.org/range-parser 126ms (cache miss)
114 silly packumentCache full:https://registry.npmjs.org/range-parser set size:undefined disposed:false
115 http fetch GET 200 https://registry.npmjs.org/finalhandler 134ms (cache miss)
116 silly packumentCache full:https://registry.npmjs.org/finalhandler set size:undefined disposed:false
117 http fetch GET 200 https://registry.npmjs.org/http-errors 163ms (cache miss)
118 silly packumentCache full:https://registry.npmjs.org/http-errors set size:undefined disposed:false
119 http fetch GET 200 https://registry.npmjs.org/serve-static 135ms (cache miss)
120 silly packumentCache full:https://registry.npmjs.org/serve-static set size:undefined disposed:false
121 http fetch GET 200 https://registry.npmjs.org/content-disposition 127ms (cache miss)
122 silly packumentCache full:https://registry.npmjs.org/content-disposition set size:undefined disposed:false
123 http fetch GET 200 https://registry.npmjs.org/merge-descriptors 130ms (cache miss)
124 silly packumentCache full:https://registry.npmjs.org/merge-descriptors set size:undefined disposed:false
125 http fetch GET 200 https://registry.npmjs.org/cookie-signature 199ms (cache miss)
126 silly packumentCache full:https://registry.npmjs.org/cookie-signature set size:undefined disposed:false
127 silly placeDep node_modules/express accepts@2.0.0 OK for: express@5.1.0 want: ^2.0.0
128 silly placeDep node_modules/express body-parser@2.2.0 OK for: express@5.1.0 want: ^2.2.0
129 silly placeDep node_modules/express content-disposition@1.0.0 OK for: express@5.1.0 want: ^1.0.0
130 silly placeDep node_modules/express content-type@1.0.5 OK for: express@5.1.0 want: ^1.0.5
131 silly placeDep node_modules/express cookie@0.7.2 OK for: express@5.1.0 want: ^0.7.1
132 silly placeDep node_modules/express cookie-signature@1.2.2 OK for: express@5.1.0 want: ^1.2.1
133 silly placeDep node_modules/express debug@4.4.3 OK for: express@5.1.0 want: ^4.4.0
134 silly placeDep node_modules/express encodeurl@2.0.0 OK for: express@5.1.0 want: ^2.0.0
135 silly placeDep node_modules/express escape-html@1.0.3 OK for: express@5.1.0 want: ^1.0.3
136 silly placeDep node_modules/express etag@1.8.1 OK for: express@5.1.0 want: ^1.8.1
137 silly placeDep node_modules/express finalhandler@2.1.0 OK for: express@5.1.0 want: ^2.1.0
138 silly placeDep node_modules/express fresh@2.0.0 OK for: express@5.1.0 want: ^2.0.0
139 silly placeDep node_modules/express http-errors@2.0.0 OK for: express@5.1.0 want: ^2.0.0
140 silly placeDep node_modules/express merge-descriptors@2.0.0 OK for: express@5.1.0 want: ^2.0.0
141 silly placeDep node_modules/express mime-types@3.0.1 OK for: express@5.1.0 want: ^3.0.0
142 silly placeDep node_modules/express on-finished@2.4.1 OK for: express@5.1.0 want: ^2.4.1
143 silly placeDep node_modules/express once@1.4.0 OK for: express@5.1.0 want: ^1.4.0
144 silly placeDep node_modules/express parseurl@1.3.3 OK for: express@5.1.0 want: ^1.3.3
145 silly placeDep node_modules/express proxy-addr@2.0.7 OK for: express@5.1.0 want: ^2.0.7
146 silly placeDep node_modules/express qs@6.14.0 OK for: express@5.1.0 want: ^6.14.0
147 silly placeDep node_modules/express range-parser@1.2.1 OK for: express@5.1.0 want: ^1.2.1
148 silly placeDep node_modules/express router@2.2.0 OK for: express@5.1.0 want: ^2.2.0
149 silly placeDep node_modules/express send@1.2.0 OK for: express@5.1.0 want: ^1.1.0
150 silly placeDep node_modules/express serve-static@2.2.0 OK for: express@5.1.0 want: ^2.2.0
151 silly placeDep node_modules/express statuses@2.0.2 OK for: express@5.1.0 want: ^2.0.1
152 silly placeDep node_modules/express type-is@2.0.1 OK for: express@5.1.0 want: ^2.0.1
153 silly placeDep node_modules/express vary@1.1.2 OK for: express@5.1.0 want: ^1.1.2
154 silly fetch manifest negotiator@^1.0.0
155 silly packumentCache full:https://registry.npmjs.org/negotiator cache-miss
156 silly fetch manifest bytes@^3.1.2
157 silly packumentCache full:https://registry.npmjs.org/bytes cache-miss
158 silly fetch manifest type-is@^2.0.0
159 silly packumentCache full:https://registry.npmjs.org/type-is cache-miss
160 silly fetch manifest raw-body@^3.0.0
161 silly packumentCache full:https://registry.npmjs.org/raw-body cache-miss
162 silly fetch manifest iconv-lite@^0.6.3
163 silly packumentCache full:https://registry.npmjs.org/iconv-lite cache-miss
164 silly fetch manifest safe-buffer@5.2.1
165 silly packumentCache full:https://registry.npmjs.org/safe-buffer cache-miss
166 silly fetch manifest ms@^2.1.3
167 silly packumentCache full:https://registry.npmjs.org/ms cache-miss
168 silly fetch manifest depd@2.0.0
169 silly packumentCache full:https://registry.npmjs.org/depd cache-miss
170 silly fetch manifest inherits@2.0.4
171 silly packumentCache full:https://registry.npmjs.org/inherits cache-miss
172 silly fetch manifest statuses@2.0.1
173 silly packumentCache full:https://registry.npmjs.org/statuses cache-miss
174 silly fetch manifest toidentifier@1.0.1
175 silly packumentCache full:https://registry.npmjs.org/toidentifier cache-miss
176 silly fetch manifest setprototypeof@1.2.0
177 silly packumentCache full:https://registry.npmjs.org/setprototypeof cache-miss
178 silly fetch manifest mime-db@^1.54.0
179 silly packumentCache full:https://registry.npmjs.org/mime-db cache-miss
180 silly fetch manifest ee-first@1.1.1
181 silly packumentCache full:https://registry.npmjs.org/ee-first cache-miss
182 silly fetch manifest wrappy@1
183 silly packumentCache full:https://registry.npmjs.org/wrappy cache-miss
184 http cache https://registry.npmjs.org/statuses 15ms (cache hit)
185 silly packumentCache full:https://registry.npmjs.org/statuses set size:37117 disposed:false
186 silly fetch manifest forwarded@0.2.0
187 silly packumentCache full:https://registry.npmjs.org/forwarded cache-miss
188 http cache https://registry.npmjs.org/type-is 19ms (cache hit)
189 silly packumentCache full:https://registry.npmjs.org/type-is set size:86196 disposed:false
190 silly fetch manifest ipaddr.js@1.9.1
191 silly packumentCache full:https://registry.npmjs.org/ipaddr.js cache-miss
192 http fetch GET 200 https://registry.npmjs.org/ee-first 242ms (cache miss)
193 silly packumentCache full:https://registry.npmjs.org/ee-first set size:undefined disposed:false
194 silly fetch manifest side-channel@^1.1.0
195 silly packumentCache full:https://registry.npmjs.org/side-channel cache-miss
196 http fetch GET 200 https://registry.npmjs.org/wrappy 246ms (cache miss)
197 silly packumentCache full:https://registry.npmjs.org/wrappy set size:undefined disposed:false
198 silly fetch manifest depd@^2.0.0
199 silly packumentCache full:https://registry.npmjs.org/depd cache-miss
200 http fetch GET 200 https://registry.npmjs.org/inherits 249ms (cache miss)
201 silly packumentCache full:https://registry.npmjs.org/inherits set size:undefined disposed:false
202 silly fetch manifest is-promise@^4.0.0
203 silly packumentCache full:https://registry.npmjs.org/is-promise cache-miss
204 http fetch GET 200 https://registry.npmjs.org/setprototypeof 250ms (cache miss)
205 silly packumentCache full:https://registry.npmjs.org/setprototypeof set size:undefined disposed:false
206 silly fetch manifest path-to-regexp@^8.0.0
207 silly packumentCache full:https://registry.npmjs.org/path-to-regexp cache-miss
208 http fetch GET 200 https://registry.npmjs.org/toidentifier 252ms (cache miss)
209 silly packumentCache full:https://registry.npmjs.org/toidentifier set size:undefined disposed:false
210 silly fetch manifest ms@^2.1.3
211 silly packumentCache full:https://registry.npmjs.org/ms cache-miss
212 http fetch GET 200 https://registry.npmjs.org/iconv-lite 259ms (cache miss)
213 silly packumentCache full:https://registry.npmjs.org/iconv-lite set size:undefined disposed:false
214 silly fetch manifest media-typer@^1.1.0
215 silly packumentCache full:https://registry.npmjs.org/media-typer cache-miss
216 http fetch GET 200 https://registry.npmjs.org/safe-buffer 262ms (cache miss)
217 silly packumentCache full:https://registry.npmjs.org/safe-buffer set size:undefined disposed:false
218 http fetch GET 200 https://registry.npmjs.org/forwarded 247ms (cache miss)
219 silly packumentCache full:https://registry.npmjs.org/forwarded set size:undefined disposed:false
220 http fetch GET 200 https://registry.npmjs.org/depd 268ms (cache miss)
221 silly packumentCache full:https://registry.npmjs.org/depd set size:undefined disposed:false
222 http fetch GET 200 https://registry.npmjs.org/bytes 273ms (cache miss)
223 silly packumentCache full:https://registry.npmjs.org/bytes set size:undefined disposed:false
224 http fetch GET 200 https://registry.npmjs.org/negotiator 277ms (cache miss)
225 silly packumentCache full:https://registry.npmjs.org/negotiator set size:undefined disposed:false
226 http fetch GET 200 https://registry.npmjs.org/raw-body 279ms (cache miss)
227 silly packumentCache full:https://registry.npmjs.org/raw-body set size:undefined disposed:false
228 http fetch GET 200 https://registry.npmjs.org/ms 280ms (cache miss)
229 silly packumentCache full:https://registry.npmjs.org/ms set size:undefined disposed:false
230 http fetch GET 200 https://registry.npmjs.org/ipaddr.js 264ms (cache miss)
231 silly packumentCache full:https://registry.npmjs.org/ipaddr.js set size:undefined disposed:false
232 http fetch GET 200 https://registry.npmjs.org/mime-db 286ms (cache miss)
233 silly packumentCache full:https://registry.npmjs.org/mime-db set size:undefined disposed:false
234 http fetch GET 200 https://registry.npmjs.org/depd 141ms (cache miss)
235 silly packumentCache full:https://registry.npmjs.org/depd set size:undefined disposed:false
236 http fetch GET 200 https://registry.npmjs.org/side-channel 148ms (cache miss)
237 silly packumentCache full:https://registry.npmjs.org/side-channel set size:undefined disposed:false
238 http fetch GET 200 https://registry.npmjs.org/ms 141ms (cache miss)
239 silly packumentCache full:https://registry.npmjs.org/ms set size:undefined disposed:false
240 http fetch GET 200 https://registry.npmjs.org/is-promise 146ms (cache miss)
241 silly packumentCache full:https://registry.npmjs.org/is-promise set size:undefined disposed:false
242 http fetch GET 200 https://registry.npmjs.org/media-typer 136ms (cache miss)
243 silly packumentCache full:https://registry.npmjs.org/media-typer set size:undefined disposed:false
244 http fetch GET 200 https://registry.npmjs.org/path-to-regexp 149ms (cache miss)
245 silly packumentCache full:https://registry.npmjs.org/path-to-regexp set size:undefined disposed:false
246 silly placeDep node_modules/express negotiator@1.0.0 OK for: accepts@2.0.0 want: ^1.0.0
247 silly placeDep node_modules/express bytes@3.1.2 OK for: body-parser@2.2.0 want: ^3.1.2
248 silly placeDep node_modules/express iconv-lite@0.6.3 OK for: body-parser@2.2.0 want: ^0.6.3
249 silly placeDep node_modules/express raw-body@3.0.1 OK for: body-parser@2.2.0 want: ^3.0.0
250 silly fetch manifest safer-buffer@>= 2.1.2 < 3.0.0
251 silly packumentCache full:https://registry.npmjs.org/safer-buffer cache-miss
252 silly fetch manifest iconv-lite@0.7.0
253 silly packumentCache full:https://registry.npmjs.org/iconv-lite cache-miss
254 silly fetch manifest unpipe@1.0.0
255 silly packumentCache full:https://registry.npmjs.org/unpipe cache-miss
256 http cache https://registry.npmjs.org/iconv-lite 7ms (cache hit)
257 silly packumentCache full:https://registry.npmjs.org/iconv-lite set size:118890 disposed:false
258 http fetch GET 200 https://registry.npmjs.org/unpipe 179ms (cache miss)
259 silly packumentCache full:https://registry.npmjs.org/unpipe set size:undefined disposed:false
260 http fetch GET 200 https://registry.npmjs.org/safer-buffer 179ms (cache miss)
261 silly packumentCache full:https://registry.npmjs.org/safer-buffer set size:undefined disposed:false
262 silly placeDep node_modules/express safe-buffer@5.2.1 OK for: content-disposition@1.0.0 want: 5.2.1
263 silly placeDep node_modules/express ms@2.1.3 OK for: debug@4.4.3 want: ^2.1.3
264 silly placeDep node_modules/express depd@2.0.0 OK for: http-errors@2.0.0 want: 2.0.0
265 silly placeDep node_modules/express inherits@2.0.4 OK for: http-errors@2.0.0 want: 2.0.4
266 silly placeDep node_modules/express setprototypeof@1.2.0 OK for: http-errors@2.0.0 want: 1.2.0
267 silly placeDep node_modules/express/node_modules/http-errors statuses@2.0.1 OK for: http-errors@2.0.0 want: 2.0.1
268 silly placeDep node_modules/express toidentifier@1.0.1 OK for: http-errors@2.0.0 want: 1.0.1
269 silly placeDep node_modules/express safer-buffer@2.1.2 OK for: iconv-lite@0.6.3 want: >= 2.1.2 < 3.0.0
270 silly placeDep node_modules/express mime-db@1.54.0 OK for: mime-types@3.0.1 want: ^1.54.0
271 silly placeDep node_modules/express ee-first@1.1.1 OK for: on-finished@2.4.1 want: 1.1.1
272 silly placeDep node_modules/express wrappy@1.0.2 OK for: once@1.4.0 want: 1
273 silly placeDep node_modules/express forwarded@0.2.0 OK for: proxy-addr@2.0.7 want: 0.2.0
274 silly placeDep node_modules/express ipaddr.js@1.9.1 OK for: proxy-addr@2.0.7 want: 1.9.1
275 silly placeDep node_modules/express side-channel@1.1.0 OK for: qs@6.14.0 want: ^1.1.0
276 silly fetch manifest es-errors@^1.3.0
277 silly packumentCache full:https://registry.npmjs.org/es-errors cache-miss
278 silly fetch manifest object-inspect@^1.13.3
279 silly packumentCache full:https://registry.npmjs.org/object-inspect cache-miss
280 silly fetch manifest side-channel-list@^1.0.0
281 silly packumentCache full:https://registry.npmjs.org/side-channel-list cache-miss
282 silly fetch manifest side-channel-map@^1.0.1
283 silly packumentCache full:https://registry.npmjs.org/side-channel-map cache-miss
284 silly fetch manifest side-channel-weakmap@^1.0.2
285 silly packumentCache full:https://registry.npmjs.org/side-channel-weakmap cache-miss
286 http fetch GET 200 https://registry.npmjs.org/es-errors 96ms (cache miss)
287 silly packumentCache full:https://registry.npmjs.org/es-errors set size:undefined disposed:false
288 http fetch GET 200 https://registry.npmjs.org/side-channel-list 123ms (cache miss)
289 silly packumentCache full:https://registry.npmjs.org/side-channel-list set size:undefined disposed:false
290 http fetch GET 200 https://registry.npmjs.org/side-channel-map 128ms (cache miss)
291 silly packumentCache full:https://registry.npmjs.org/side-channel-map set size:undefined disposed:false
292 http fetch GET 200 https://registry.npmjs.org/object-inspect 129ms (cache miss)
293 silly packumentCache full:https://registry.npmjs.org/object-inspect set size:undefined disposed:false
294 http fetch GET 200 https://registry.npmjs.org/side-channel-weakmap 131ms (cache miss)
295 silly packumentCache full:https://registry.npmjs.org/side-channel-weakmap set size:undefined disposed:false
296 silly placeDep node_modules/express/node_modules/raw-body iconv-lite@0.7.0 OK for: raw-body@3.0.1 want: 0.7.0
297 silly placeDep node_modules/express unpipe@1.0.0 OK for: raw-body@3.0.1 want: 1.0.0
298 silly placeDep node_modules/express is-promise@4.0.0 OK for: router@2.2.0 want: ^4.0.0
299 silly placeDep node_modules/express path-to-regexp@8.3.0 OK for: router@2.2.0 want: ^8.0.0
300 silly placeDep node_modules/express es-errors@1.3.0 OK for: side-channel@1.1.0 want: ^1.3.0
301 silly placeDep node_modules/express object-inspect@1.13.4 OK for: side-channel@1.1.0 want: ^1.13.3
302 silly placeDep node_modules/express side-channel-list@1.0.0 OK for: side-channel@1.1.0 want: ^1.0.0
303 silly placeDep node_modules/express side-channel-map@1.0.1 OK for: side-channel@1.1.0 want: ^1.0.1
304 silly placeDep node_modules/express side-channel-weakmap@1.0.2 OK for: side-channel@1.1.0 want: ^1.0.2
305 silly fetch manifest call-bound@^1.0.2
306 silly packumentCache full:https://registry.npmjs.org/call-bound cache-miss
307 silly fetch manifest get-intrinsic@^1.2.5
308 silly packumentCache full:https://registry.npmjs.org/get-intrinsic cache-miss
309 silly fetch manifest call-bound@^1.0.2
310 silly packumentCache full:https://registry.npmjs.org/call-bound cache-miss
311 silly fetch manifest get-intrinsic@^1.2.5
312 silly packumentCache full:https://registry.npmjs.org/get-intrinsic cache-miss
313 http fetch GET 200 https://registry.npmjs.org/get-intrinsic 103ms (cache miss)
314 silly packumentCache full:https://registry.npmjs.org/get-intrinsic set size:undefined disposed:false
315 http fetch GET 200 https://registry.npmjs.org/get-intrinsic 105ms (cache miss)
316 silly packumentCache full:https://registry.npmjs.org/get-intrinsic set size:undefined disposed:false
317 http fetch GET 200 https://registry.npmjs.org/call-bound 107ms (cache miss)
318 silly packumentCache full:https://registry.npmjs.org/call-bound set size:undefined disposed:false
319 http fetch GET 200 https://registry.npmjs.org/call-bound 109ms (cache miss)
320 silly packumentCache full:https://registry.npmjs.org/call-bound set size:undefined disposed:false
321 silly placeDep node_modules/express call-bound@1.0.4 OK for: side-channel-map@1.0.1 want: ^1.0.2
322 silly placeDep node_modules/express get-intrinsic@1.3.0 OK for: side-channel-map@1.0.1 want: ^1.2.5
323 silly fetch manifest call-bind-apply-helpers@^1.0.2
324 silly packumentCache full:https://registry.npmjs.org/call-bind-apply-helpers cache-miss
325 silly fetch manifest get-intrinsic@^1.3.0
326 silly packumentCache full:https://registry.npmjs.org/get-intrinsic cache-miss
327 silly fetch manifest gopd@^1.2.0
328 silly packumentCache full:https://registry.npmjs.org/gopd cache-miss
329 silly fetch manifest hasown@^2.0.2
330 silly packumentCache full:https://registry.npmjs.org/hasown cache-miss
331 silly fetch manifest get-proto@^1.0.1
332 silly packumentCache full:https://registry.npmjs.org/get-proto cache-miss
333 silly fetch manifest has-symbols@^1.1.0
334 silly packumentCache full:https://registry.npmjs.org/has-symbols cache-miss
335 silly fetch manifest function-bind@^1.1.2
336 silly packumentCache full:https://registry.npmjs.org/function-bind cache-miss
337 silly fetch manifest es-object-atoms@^1.1.1
338 silly packumentCache full:https://registry.npmjs.org/es-object-atoms cache-miss
339 silly fetch manifest math-intrinsics@^1.1.0
340 silly packumentCache full:https://registry.npmjs.org/math-intrinsics cache-miss
341 silly fetch manifest es-define-property@^1.0.1
342 silly packumentCache full:https://registry.npmjs.org/es-define-property cache-miss
343 silly fetch manifest call-bind-apply-helpers@^1.0.2
344 silly packumentCache full:https://registry.npmjs.org/call-bind-apply-helpers cache-miss
345 http cache https://registry.npmjs.org/get-intrinsic 15ms (cache hit)
346 silly packumentCache full:https://registry.npmjs.org/get-intrinsic set size:60985 disposed:false
347 http fetch GET 200 https://registry.npmjs.org/call-bind-apply-helpers 103ms (cache miss)
348 silly packumentCache full:https://registry.npmjs.org/call-bind-apply-helpers set size:undefined disposed:false
349 http fetch GET 200 https://registry.npmjs.org/gopd 123ms (cache miss)
350 silly packumentCache full:https://registry.npmjs.org/gopd set size:undefined disposed:false
351 http fetch GET 200 https://registry.npmjs.org/hasown 126ms (cache miss)
352 silly packumentCache full:https://registry.npmjs.org/hasown set size:undefined disposed:false
353 http fetch GET 200 https://registry.npmjs.org/math-intrinsics 126ms (cache miss)
354 silly packumentCache full:https://registry.npmjs.org/math-intrinsics set size:undefined disposed:false
355 http fetch GET 200 https://registry.npmjs.org/es-object-atoms 128ms (cache miss)
356 silly packumentCache full:https://registry.npmjs.org/es-object-atoms set size:undefined disposed:false
357 http fetch GET 200 https://registry.npmjs.org/get-proto 130ms (cache miss)
358 silly packumentCache full:https://registry.npmjs.org/get-proto set size:undefined disposed:false
359 http fetch GET 200 https://registry.npmjs.org/has-symbols 131ms (cache miss)
360 silly packumentCache full:https://registry.npmjs.org/has-symbols set size:undefined disposed:false
361 http fetch GET 200 https://registry.npmjs.org/call-bind-apply-helpers 133ms (cache miss)
362 silly packumentCache full:https://registry.npmjs.org/call-bind-apply-helpers set size:undefined disposed:false
363 http fetch GET 200 https://registry.npmjs.org/function-bind 136ms (cache miss)
364 silly packumentCache full:https://registry.npmjs.org/function-bind set size:undefined disposed:false
365 http fetch GET 200 https://registry.npmjs.org/es-define-property 136ms (cache miss)
366 silly packumentCache full:https://registry.npmjs.org/es-define-property set size:undefined disposed:false
367 silly placeDep node_modules/express call-bind-apply-helpers@1.0.2 OK for: call-bound@1.0.4 want: ^1.0.2
368 silly placeDep node_modules/express function-bind@1.1.2 OK for: call-bind-apply-helpers@1.0.2 want: ^1.1.2
369 silly placeDep node_modules/express es-define-property@1.0.1 OK for: get-intrinsic@1.3.0 want: ^1.0.1
370 silly placeDep node_modules/express es-object-atoms@1.1.1 OK for: get-intrinsic@1.3.0 want: ^1.1.1
371 silly placeDep node_modules/express get-proto@1.0.1 OK for: get-intrinsic@1.3.0 want: ^1.0.1
372 silly placeDep node_modules/express gopd@1.2.0 OK for: get-intrinsic@1.3.0 want: ^1.2.0
373 silly placeDep node_modules/express has-symbols@1.1.0 OK for: get-intrinsic@1.3.0 want: ^1.1.0
374 silly placeDep node_modules/express hasown@2.0.2 OK for: get-intrinsic@1.3.0 want: ^2.0.2
375 silly placeDep node_modules/express math-intrinsics@1.1.0 OK for: get-intrinsic@1.3.0 want: ^1.1.0
376 silly fetch manifest dunder-proto@^1.0.1
377 silly packumentCache full:https://registry.npmjs.org/dunder-proto cache-miss
378 http fetch GET 200 https://registry.npmjs.org/dunder-proto 91ms (cache miss)
379 silly packumentCache full:https://registry.npmjs.org/dunder-proto set size:undefined disposed:false
380 silly placeDep node_modules/express dunder-proto@1.0.1 OK for: get-proto@1.0.1 want: ^1.0.1
381 silly placeDep node_modules/express media-typer@1.1.0 OK for: type-is@2.0.1 want: ^1.1.0
382 silly reify moves {}
383 http cache express@https://registry.npmjs.org/express/-/express-5.1.0.tgz 0ms (cache hit)
384 http cache media-typer@https://registry.npmjs.org/media-typer/-/media-typer-1.1.0.tgz 0ms (cache hit)
385 http cache math-intrinsics@https://registry.npmjs.org/math-intrinsics/-/math-intrinsics-1.1.0.tgz 0ms (cache hit)
386 http cache dunder-proto@https://registry.npmjs.org/dunder-proto/-/dunder-proto-1.0.1.tgz 0ms (cache hit)
387 http cache hasown@https://registry.npmjs.org/hasown/-/hasown-2.0.2.tgz 0ms (cache hit)
388 http cache gopd@https://registry.npmjs.org/gopd/-/gopd-1.2.0.tgz 0ms (cache hit)
389 http cache has-symbols@https://registry.npmjs.org/has-symbols/-/has-symbols-1.1.0.tgz 0ms (cache hit)
390 http cache es-object-atoms@https://registry.npmjs.org/es-object-atoms/-/es-object-atoms-1.1.1.tgz 0ms (cache hit)
391 http cache get-proto@https://registry.npmjs.org/get-proto/-/get-proto-1.0.1.tgz 0ms (cache hit)
392 http cache function-bind@https://registry.npmjs.org/function-bind/-/function-bind-1.1.2.tgz 0ms (cache hit)
393 http cache es-define-property@https://registry.npmjs.org/es-define-property/-/es-define-property-1.0.1.tgz 0ms (cache hit)
394 http cache get-intrinsic@https://registry.npmjs.org/get-intrinsic/-/get-intrinsic-1.3.0.tgz 0ms (cache hit)
395 http cache call-bind-apply-helpers@https://registry.npmjs.org/call-bind-apply-helpers/-/call-bind-apply-helpers-1.0.2.tgz 0ms (cache hit)
396 http cache call-bound@https://registry.npmjs.org/call-bound/-/call-bound-1.0.4.tgz 0ms (cache hit)
397 http cache side-channel-weakmap@https://registry.npmjs.org/side-channel-weakmap/-/side-channel-weakmap-1.0.2.tgz 0ms (cache hit)
398 http cache object-inspect@https://registry.npmjs.org/object-inspect/-/object-inspect-1.13.4.tgz 0ms (cache hit)
399 http cache side-channel-list@https://registry.npmjs.org/side-channel-list/-/side-channel-list-1.0.0.tgz 0ms (cache hit)
400 http cache side-channel-map@https://registry.npmjs.org/side-channel-map/-/side-channel-map-1.0.1.tgz 0ms (cache hit)
401 http cache es-errors@https://registry.npmjs.org/es-errors/-/es-errors-1.3.0.tgz 0ms (cache hit)
402 http cache path-to-regexp@https://registry.npmjs.org/path-to-regexp/-/path-to-regexp-8.3.0.tgz 0ms (cache hit)
403 http cache is-promise@https://registry.npmjs.org/is-promise/-/is-promise-4.0.0.tgz 0ms (cache hit)
404 http cache ipaddr.js@https://registry.npmjs.org/ipaddr.js/-/ipaddr.js-1.9.1.tgz 0ms (cache hit)
405 http cache unpipe@https://registry.npmjs.org/unpipe/-/unpipe-1.0.0.tgz 0ms (cache hit)
406 http cache side-channel@https://registry.npmjs.org/side-channel/-/side-channel-1.1.0.tgz 0ms (cache hit)
407 http cache forwarded@https://registry.npmjs.org/forwarded/-/forwarded-0.2.0.tgz 0ms (cache hit)
408 http cache wrappy@https://registry.npmjs.org/wrappy/-/wrappy-1.0.2.tgz 0ms (cache hit)
409 http cache ee-first@https://registry.npmjs.org/ee-first/-/ee-first-1.1.1.tgz 0ms (cache hit)
410 http cache mime-db@https://registry.npmjs.org/mime-db/-/mime-db-1.54.0.tgz 0ms (cache hit)
411 http cache safer-buffer@https://registry.npmjs.org/safer-buffer/-/safer-buffer-2.1.2.tgz 0ms (cache hit)
412 http cache toidentifier@https://registry.npmjs.org/toidentifier/-/toidentifier-1.0.1.tgz 0ms (cache hit)
413 http cache setprototypeof@https://registry.npmjs.org/setprototypeof/-/setprototypeof-1.2.0.tgz 0ms (cache hit)
414 http cache depd@https://registry.npmjs.org/depd/-/depd-2.0.0.tgz 0ms (cache hit)
415 http cache iconv-lite@https://registry.npmjs.org/iconv-lite/-/iconv-lite-0.7.0.tgz 0ms (cache hit)
416 http cache inherits@https://registry.npmjs.org/inherits/-/inherits-2.0.4.tgz 0ms (cache hit)
417 http cache iconv-lite@https://registry.npmjs.org/iconv-lite/-/iconv-lite-0.6.3.tgz 0ms (cache hit)
418 http cache raw-body@https://registry.npmjs.org/raw-body/-/raw-body-3.0.1.tgz 0ms (cache hit)
419 http cache safe-buffer@https://registry.npmjs.org/safe-buffer/-/safe-buffer-5.2.1.tgz 0ms (cache hit)
420 http cache ms@https://registry.npmjs.org/ms/-/ms-2.1.3.tgz 0ms (cache hit)
421 http cache bytes@https://registry.npmjs.org/bytes/-/bytes-3.1.2.tgz 0ms (cache hit)
422 http cache negotiator@https://registry.npmjs.org/negotiator/-/negotiator-1.0.0.tgz 1ms (cache hit)
423 http cache type-is@https://registry.npmjs.org/type-is/-/type-is-2.0.1.tgz 0ms (cache hit)
424 http cache vary@https://registry.npmjs.org/vary/-/vary-1.1.2.tgz 0ms (cache hit)
425 http cache statuses@https://registry.npmjs.org/statuses/-/statuses-2.0.2.tgz 0ms (cache hit)
426 http cache serve-static@https://registry.npmjs.org/serve-static/-/serve-static-2.2.0.tgz 0ms (cache hit)
427 http cache range-parser@https://registry.npmjs.org/range-parser/-/range-parser-1.2.1.tgz 0ms (cache hit)
428 http cache router@https://registry.npmjs.org/router/-/router-2.2.0.tgz 0ms (cache hit)
429 http cache send@https://registry.npmjs.org/send/-/send-1.2.0.tgz 0ms (cache hit)
430 http cache qs@https://registry.npmjs.org/qs/-/qs-6.14.0.tgz 0ms (cache hit)
431 http cache parseurl@https://registry.npmjs.org/parseurl/-/parseurl-1.3.3.tgz 0ms (cache hit)
432 http cache once@https://registry.npmjs.org/once/-/once-1.4.0.tgz 0ms (cache hit)
433 http cache proxy-addr@https://registry.npmjs.org/proxy-addr/-/proxy-addr-2.0.7.tgz 0ms (cache hit)
434 http cache mime-types@https://registry.npmjs.org/mime-types/-/mime-types-3.0.1.tgz 0ms (cache hit)
435 http cache on-finished@https://registry.npmjs.org/on-finished/-/on-finished-2.4.1.tgz 0ms (cache hit)
436 http cache merge-descriptors@https://registry.npmjs.org/merge-descriptors/-/merge-descriptors-2.0.0.tgz 0ms (cache hit)
437 http cache statuses@https://registry.npmjs.org/statuses/-/statuses-2.0.1.tgz 0ms (cache hit)
438 http cache fresh@https://registry.npmjs.org/fresh/-/fresh-2.0.0.tgz 0ms (cache hit)
439 http cache etag@https://registry.npmjs.org/etag/-/etag-1.8.1.tgz 0ms (cache hit)
440 http cache http-errors@https://registry.npmjs.org/http-errors/-/http-errors-2.0.0.tgz 0ms (cache hit)
441 http cache finalhandler@https://registry.npmjs.org/finalhandler/-/finalhandler-2.1.0.tgz 0ms (cache hit)
442 http cache encodeurl@https://registry.npmjs.org/encodeurl/-/encodeurl-2.0.0.tgz 0ms (cache hit)
443 http cache debug@https://registry.npmjs.org/debug/-/debug-4.4.3.tgz 0ms (cache hit)
444 http cache escape-html@https://registry.npmjs.org/escape-html/-/escape-html-1.0.3.tgz 0ms (cache hit)
445 http cache cookie-signature@https://registry.npmjs.org/cookie-signature/-/cookie-signature-1.2.2.tgz 0ms (cache hit)
446 http cache content-type@https://registry.npmjs.org/content-type/-/content-type-1.0.5.tgz 0ms (cache hit)
447 http cache content-disposition@https://registry.npmjs.org/content-disposition/-/content-disposition-1.0.0.tgz 0ms (cache hit)
448 http cache body-parser@https://registry.npmjs.org/body-parser/-/body-parser-2.2.0.tgz 0ms (cache hit)
449 http cache accepts@https://registry.npmjs.org/accepts/-/accepts-2.0.0.tgz 0ms (cache hit)
450 silly tarball no local data for express@https://registry.npmjs.org/express/-/express-5.1.0.tgz. Extracting by manifest.
451 silly tarball no local data for media-typer@https://registry.npmjs.org/media-typer/-/media-typer-1.1.0.tgz. Extracting by manifest.
452 silly tarball no local data for math-intrinsics@https://registry.npmjs.org/math-intrinsics/-/math-intrinsics-1.1.0.tgz. Extracting by manifest.
453 silly tarball no local data for dunder-proto@https://registry.npmjs.org/dunder-proto/-/dunder-proto-1.0.1.tgz. Extracting by manifest.
454 silly tarball no local data for hasown@https://registry.npmjs.org/hasown/-/hasown-2.0.2.tgz. Extracting by manifest.
455 silly tarball no local data for gopd@https://registry.npmjs.org/gopd/-/gopd-1.2.0.tgz. Extracting by manifest.
456 silly tarball no local data for has-symbols@https://registry.npmjs.org/has-symbols/-/has-symbols-1.1.0.tgz. Extracting by manifest.
457 silly tarball no local data for es-object-atoms@https://registry.npmjs.org/es-object-atoms/-/es-object-atoms-1.1.1.tgz. Extracting by manifest.
458 silly tarball no local data for get-proto@https://registry.npmjs.org/get-proto/-/get-proto-1.0.1.tgz. Extracting by manifest.
459 silly tarball no local data for function-bind@https://registry.npmjs.org/function-bind/-/function-bind-1.1.2.tgz. Extracting by manifest.
460 silly tarball no local data for es-define-property@https://registry.npmjs.org/es-define-property/-/es-define-property-1.0.1.tgz. Extracting by manifest.
461 silly tarball no local data for get-intrinsic@https://registry.npmjs.org/get-intrinsic/-/get-intrinsic-1.3.0.tgz. Extracting by manifest.
462 silly tarball no local data for call-bind-apply-helpers@https://registry.npmjs.org/call-bind-apply-helpers/-/call-bind-apply-helpers-1.0.2.tgz. Extracting by manifest.
463 silly tarball no local data for call-bound@https://registry.npmjs.org/call-bound/-/call-bound-1.0.4.tgz. Extracting by manifest.
464 silly tarball no local data for side-channel-weakmap@https://registry.npmjs.org/side-channel-weakmap/-/side-channel-weakmap-1.0.2.tgz. Extracting by manifest.
465 silly tarball no local data for object-inspect@https://registry.npmjs.org/object-inspect/-/object-inspect-1.13.4.tgz. Extracting by manifest.
466 silly tarball no local data for side-channel-list@https://registry.npmjs.org/side-channel-list/-/side-channel-list-1.0.0.tgz. Extracting by manifest.
467 silly tarball no local data for side-channel-map@https://registry.npmjs.org/side-channel-map/-/side-channel-map-1.0.1.tgz. Extracting by manifest.
468 silly tarball no local data for es-errors@https://registry.npmjs.org/es-errors/-/es-errors-1.3.0.tgz. Extracting by manifest.
469 silly tarball no local data for path-to-regexp@https://registry.npmjs.org/path-to-regexp/-/path-to-regexp-8.3.0.tgz. Extracting by manifest.
470 silly tarball no local data for is-promise@https://registry.npmjs.org/is-promise/-/is-promise-4.0.0.tgz. Extracting by manifest.
471 silly tarball no local data for ipaddr.js@https://registry.npmjs.org/ipaddr.js/-/ipaddr.js-1.9.1.tgz. Extracting by manifest.
472 silly tarball no local data for unpipe@https://registry.npmjs.org/unpipe/-/unpipe-1.0.0.tgz. Extracting by manifest.
473 silly tarball no local data for side-channel@https://registry.npmjs.org/side-channel/-/side-channel-1.1.0.tgz. Extracting by manifest.
474 silly tarball no local data for forwarded@https://registry.npmjs.org/forwarded/-/forwarded-0.2.0.tgz. Extracting by manifest.
475 silly tarball no local data for wrappy@https://registry.npmjs.org/wrappy/-/wrappy-1.0.2.tgz. Extracting by manifest.
476 silly tarball no local data for ee-first@https://registry.npmjs.org/ee-first/-/ee-first-1.1.1.tgz. Extracting by manifest.
477 silly tarball no local data for mime-db@https://registry.npmjs.org/mime-db/-/mime-db-1.54.0.tgz. Extracting by manifest.
478 silly tarball no local data for safer-buffer@https://registry.npmjs.org/safer-buffer/-/safer-buffer-2.1.2.tgz. Extracting by manifest.
479 silly tarball no local data for toidentifier@https://registry.npmjs.org/toidentifier/-/toidentifier-1.0.1.tgz. Extracting by manifest.
480 silly tarball no local data for setprototypeof@https://registry.npmjs.org/setprototypeof/-/setprototypeof-1.2.0.tgz. Extracting by manifest.
481 silly tarball no local data for depd@https://registry.npmjs.org/depd/-/depd-2.0.0.tgz. Extracting by manifest.
482 silly tarball no local data for iconv-lite@https://registry.npmjs.org/iconv-lite/-/iconv-lite-0.7.0.tgz. Extracting by manifest.
483 silly tarball no local data for inherits@https://registry.npmjs.org/inherits/-/inherits-2.0.4.tgz. Extracting by manifest.
484 silly tarball no local data for iconv-lite@https://registry.npmjs.org/iconv-lite/-/iconv-lite-0.6.3.tgz. Extracting by manifest.
485 silly tarball no local data for raw-body@https://registry.npmjs.org/raw-body/-/raw-body-3.0.1.tgz. Extracting by manifest.
486 silly tarball no local data for safe-buffer@https://registry.npmjs.org/safe-buffer/-/safe-buffer-5.2.1.tgz. Extracting by manifest.
487 silly tarball no local data for ms@https://registry.npmjs.org/ms/-/ms-2.1.3.tgz. Extracting by manifest.
488 silly tarball no local data for bytes@https://registry.npmjs.org/bytes/-/bytes-3.1.2.tgz. Extracting by manifest.
489 silly tarball no local data for negotiator@https://registry.npmjs.org/negotiator/-/negotiator-1.0.0.tgz. Extracting by manifest.
490 silly tarball no local data for type-is@https://registry.npmjs.org/type-is/-/type-is-2.0.1.tgz. Extracting by manifest.
491 silly tarball no local data for vary@https://registry.npmjs.org/vary/-/vary-1.1.2.tgz. Extracting by manifest.
492 silly tarball no local data for statuses@https://registry.npmjs.org/statuses/-/statuses-2.0.2.tgz. Extracting by manifest.
493 silly tarball no local data for serve-static@https://registry.npmjs.org/serve-static/-/serve-static-2.2.0.tgz. Extracting by manifest.
494 http cache cookie@https://registry.npmjs.org/cookie/-/cookie-0.7.2.tgz 0ms (cache hit)
495 silly tarball no local data for range-parser@https://registry.npmjs.org/range-parser/-/range-parser-1.2.1.tgz. Extracting by manifest.
496 silly tarball no local data for router@https://registry.npmjs.org/router/-/router-2.2.0.tgz. Extracting by manifest.
497 silly tarball no local data for send@https://registry.npmjs.org/send/-/send-1.2.0.tgz. Extracting by manifest.
498 silly tarball no local data for qs@https://registry.npmjs.org/qs/-/qs-6.14.0.tgz. Extracting by manifest.
499 silly tarball no local data for parseurl@https://registry.npmjs.org/parseurl/-/parseurl-1.3.3.tgz. Extracting by manifest.
500 silly tarball no local data for once@https://registry.npmjs.org/once/-/once-1.4.0.tgz. Extracting by manifest.
501 silly tarball no local data for proxy-addr@https://registry.npmjs.org/proxy-addr/-/proxy-addr-2.0.7.tgz. Extracting by manifest.
502 silly tarball no local data for mime-types@https://registry.npmjs.org/mime-types/-/mime-types-3.0.1.tgz. Extracting by manifest.
503 silly tarball no local data for on-finished@https://registry.npmjs.org/on-finished/-/on-finished-2.4.1.tgz. Extracting by manifest.
504 silly tarball no local data for merge-descriptors@https://registry.npmjs.org/merge-descriptors/-/merge-descriptors-2.0.0.tgz. Extracting by manifest.
505 silly tarball no local data for statuses@https://registry.npmjs.org/statuses/-/statuses-2.0.1.tgz. Extracting by manifest.
506 silly tarball no local data for fresh@https://registry.npmjs.org/fresh/-/fresh-2.0.0.tgz. Extracting by manifest.
507 silly tarball no local data for etag@https://registry.npmjs.org/etag/-/etag-1.8.1.tgz. Extracting by manifest.
508 silly tarball no local data for http-errors@https://registry.npmjs.org/http-errors/-/http-errors-2.0.0.tgz. Extracting by manifest.
509 silly tarball no local data for finalhandler@https://registry.npmjs.org/finalhandler/-/finalhandler-2.1.0.tgz. Extracting by manifest.
510 silly tarball no local data for encodeurl@https://registry.npmjs.org/encodeurl/-/encodeurl-2.0.0.tgz. Extracting by manifest.
511 silly tarball no local data for debug@https://registry.npmjs.org/debug/-/debug-4.4.3.tgz. Extracting by manifest.
512 silly tarball no local data for escape-html@https://registry.npmjs.org/escape-html/-/escape-html-1.0.3.tgz. Extracting by manifest.
513 silly tarball no local data for cookie-signature@https://registry.npmjs.org/cookie-signature/-/cookie-signature-1.2.2.tgz. Extracting by manifest.
514 silly tarball no local data for content-type@https://registry.npmjs.org/content-type/-/content-type-1.0.5.tgz. Extracting by manifest.
515 silly tarball no local data for content-disposition@https://registry.npmjs.org/content-disposition/-/content-disposition-1.0.0.tgz. Extracting by manifest.
516 silly tarball no local data for body-parser@https://registry.npmjs.org/body-parser/-/body-parser-2.2.0.tgz. Extracting by manifest.
517 silly tarball no local data for accepts@https://registry.npmjs.org/accepts/-/accepts-2.0.0.tgz. Extracting by manifest.
518 silly tarball no local data for cookie@https://registry.npmjs.org/cookie/-/cookie-0.7.2.tgz. Extracting by manifest.
519 http fetch GET 200 https://registry.npmjs.org/function-bind/-/function-bind-1.1.2.tgz 180ms (cache miss)
520 http fetch GET 200 https://registry.npmjs.org/media-typer/-/media-typer-1.1.0.tgz 185ms (cache miss)
521 http fetch GET 200 https://registry.npmjs.org/hasown/-/hasown-2.0.2.tgz 210ms (cache miss)
522 http fetch GET 200 https://registry.npmjs.org/es-define-property/-/es-define-property-1.0.1.tgz 236ms (cache miss)
523 http fetch GET 200 https://registry.npmjs.org/get-intrinsic/-/get-intrinsic-1.3.0.tgz 250ms (cache miss)
524 http fetch GET 200 https://registry.npmjs.org/gopd/-/gopd-1.2.0.tgz 254ms (cache miss)
525 http fetch GET 200 https://registry.npmjs.org/side-channel-weakmap/-/side-channel-weakmap-1.0.2.tgz 255ms (cache miss)
526 http fetch GET 200 https://registry.npmjs.org/forwarded/-/forwarded-0.2.0.tgz 262ms (cache miss)
527 http fetch GET 200 https://registry.npmjs.org/call-bound/-/call-bound-1.0.4.tgz 267ms (cache miss)
528 http fetch GET 200 https://registry.npmjs.org/is-promise/-/is-promise-4.0.0.tgz 267ms (cache miss)
529 http fetch GET 200 https://registry.npmjs.org/unpipe/-/unpipe-1.0.0.tgz 268ms (cache miss)
530 http fetch GET 200 https://registry.npmjs.org/side-channel/-/side-channel-1.1.0.tgz 268ms (cache miss)
531 http fetch GET 200 https://registry.npmjs.org/get-proto/-/get-proto-1.0.1.tgz 281ms (cache miss)
532 http fetch GET 200 https://registry.npmjs.org/ee-first/-/ee-first-1.1.1.tgz 278ms (cache miss)
533 http fetch GET 200 https://registry.npmjs.org/dunder-proto/-/dunder-proto-1.0.1.tgz 289ms (cache miss)
534 http fetch GET 200 https://registry.npmjs.org/toidentifier/-/toidentifier-1.0.1.tgz 281ms (cache miss)
535 http fetch GET 200 https://registry.npmjs.org/es-object-atoms/-/es-object-atoms-1.1.1.tgz 290ms (cache miss)
536 http fetch GET 200 https://registry.npmjs.org/wrappy/-/wrappy-1.0.2.tgz 285ms (cache miss)
537 http fetch GET 200 https://registry.npmjs.org/ipaddr.js/-/ipaddr.js-1.9.1.tgz 288ms (cache miss)
538 http fetch GET 200 https://registry.npmjs.org/has-symbols/-/has-symbols-1.1.0.tgz 299ms (cache miss)
539 http fetch GET 200 https://registry.npmjs.org/safer-buffer/-/safer-buffer-2.1.2.tgz 292ms (cache miss)
540 http fetch GET 200 https://registry.npmjs.org/path-to-regexp/-/path-to-regexp-8.3.0.tgz 300ms (cache miss)
541 http fetch GET 200 https://registry.npmjs.org/express/-/express-5.1.0.tgz 309ms (cache miss)
542 http fetch GET 200 https://registry.npmjs.org/side-channel-map/-/side-channel-map-1.0.1.tgz 304ms (cache miss)
543 http fetch GET 200 https://registry.npmjs.org/call-bind-apply-helpers/-/call-bind-apply-helpers-1.0.2.tgz 307ms (cache miss)
544 http fetch GET 200 https://registry.npmjs.org/side-channel-list/-/side-channel-list-1.0.0.tgz 308ms (cache miss)
545 http fetch GET 200 https://registry.npmjs.org/mime-db/-/mime-db-1.54.0.tgz 312ms (cache miss)
546 http fetch GET 200 https://registry.npmjs.org/ms/-/ms-2.1.3.tgz 309ms (cache miss)
547 http fetch GET 200 https://registry.npmjs.org/es-errors/-/es-errors-1.3.0.tgz 319ms (cache miss)
548 http fetch GET 200 https://registry.npmjs.org/safe-buffer/-/safe-buffer-5.2.1.tgz 341ms (cache miss)
549 http fetch GET 200 https://registry.npmjs.org/setprototypeof/-/setprototypeof-1.2.0.tgz 344ms (cache miss)
550 http fetch GET 200 https://registry.npmjs.org/inherits/-/inherits-2.0.4.tgz 347ms (cache miss)
551 http fetch GET 200 https://registry.npmjs.org/bytes/-/bytes-3.1.2.tgz 356ms (cache miss)
552 http fetch GET 200 https://registry.npmjs.org/math-intrinsics/-/math-intrinsics-1.1.0.tgz 379ms (cache miss)
553 http fetch GET 200 https://registry.npmjs.org/depd/-/depd-2.0.0.tgz 372ms (cache miss)
554 http fetch GET 200 https://registry.npmjs.org/type-is/-/type-is-2.0.1.tgz 369ms (cache miss)
555 http fetch GET 200 https://registry.npmjs.org/vary/-/vary-1.1.2.tgz 373ms (cache miss)
556 http fetch GET 200 https://registry.npmjs.org/range-parser/-/range-parser-1.2.1.tgz 380ms (cache miss)
557 http fetch GET 200 https://registry.npmjs.org/serve-static/-/serve-static-2.2.0.tgz 382ms (cache miss)
558 http fetch GET 200 https://registry.npmjs.org/negotiator/-/negotiator-1.0.0.tgz 385ms (cache miss)
559 http fetch GET 200 https://registry.npmjs.org/statuses/-/statuses-2.0.2.tgz 384ms (cache miss)
560 http fetch GET 200 https://registry.npmjs.org/object-inspect/-/object-inspect-1.13.4.tgz 413ms (cache miss)
561 http fetch GET 200 https://registry.npmjs.org/send/-/send-1.2.0.tgz 412ms (cache miss)
562 http fetch GET 200 https://registry.npmjs.org/raw-body/-/raw-body-3.0.1.tgz 421ms (cache miss)
563 http fetch GET 200 https://registry.npmjs.org/router/-/router-2.2.0.tgz 420ms (cache miss)
564 http fetch GET 200 https://registry.npmjs.org/parseurl/-/parseurl-1.3.3.tgz 421ms (cache miss)
565 http fetch GET 200 https://registry.npmjs.org/once/-/once-1.4.0.tgz 426ms (cache miss)
566 http fetch GET 200 https://registry.npmjs.org/proxy-addr/-/proxy-addr-2.0.7.tgz 434ms (cache miss)
567 http fetch GET 200 https://registry.npmjs.org/mime-types/-/mime-types-3.0.1.tgz 435ms (cache miss)
568 http fetch GET 200 https://registry.npmjs.org/on-finished/-/on-finished-2.4.1.tgz 452ms (cache miss)
569 http fetch GET 200 https://registry.npmjs.org/iconv-lite/-/iconv-lite-0.7.0.tgz 461ms (cache miss)
570 http fetch GET 200 https://registry.npmjs.org/merge-descriptors/-/merge-descriptors-2.0.0.tgz 455ms (cache miss)
571 http fetch GET 200 https://registry.npmjs.org/statuses/-/statuses-2.0.1.tgz 458ms (cache miss)
572 http fetch GET 200 https://registry.npmjs.org/etag/-/etag-1.8.1.tgz 467ms (cache miss)
573 http fetch GET 200 https://registry.npmjs.org/http-errors/-/http-errors-2.0.0.tgz 467ms (cache miss)
574 http fetch GET 200 https://registry.npmjs.org/fresh/-/fresh-2.0.0.tgz 473ms (cache miss)
575 http fetch GET 200 https://registry.npmjs.org/qs/-/qs-6.14.0.tgz 479ms (cache miss)
576 http fetch GET 200 https://registry.npmjs.org/iconv-lite/-/iconv-lite-0.6.3.tgz 490ms (cache miss)
577 http fetch GET 200 https://registry.npmjs.org/finalhandler/-/finalhandler-2.1.0.tgz 486ms (cache miss)
578 http fetch GET 200 https://registry.npmjs.org/encodeurl/-/encodeurl-2.0.0.tgz 488ms (cache miss)
579 http fetch GET 200 https://registry.npmjs.org/debug/-/debug-4.4.3.tgz 494ms (cache miss)
580 http fetch GET 200 https://registry.npmjs.org/cookie-signature/-/cookie-signature-1.2.2.tgz 497ms (cache miss)
581 http fetch GET 200 https://registry.npmjs.org/content-disposition/-/content-disposition-1.0.0.tgz 498ms (cache miss)
582 http fetch GET 200 https://registry.npmjs.org/escape-html/-/escape-html-1.0.3.tgz 510ms (cache miss)
583 http fetch GET 200 https://registry.npmjs.org/body-parser/-/body-parser-2.2.0.tgz 527ms (cache miss)
584 http fetch GET 200 https://registry.npmjs.org/accepts/-/accepts-2.0.0.tgz 529ms (cache miss)
585 http fetch GET 200 https://registry.npmjs.org/cookie/-/cookie-0.7.2.tgz 524ms (cache miss)
586 http fetch GET 200 https://registry.npmjs.org/content-type/-/content-type-1.0.5.tgz 553ms (cache miss)
587 silly ADD node_modules/express
588 silly ADD node_modules/express/node_modules/media-typer
589 silly ADD node_modules/express/node_modules/dunder-proto
590 silly ADD node_modules/express/node_modules/math-intrinsics
591 silly ADD node_modules/express/node_modules/hasown
592 silly ADD node_modules/express/node_modules/has-symbols
593 silly ADD node_modules/express/node_modules/gopd
594 silly ADD node_modules/express/node_modules/get-proto
595 silly ADD node_modules/express/node_modules/es-object-atoms
596 silly ADD node_modules/express/node_modules/es-define-property
597 silly ADD node_modules/express/node_modules/function-bind
598 silly ADD node_modules/express/node_modules/call-bind-apply-helpers
599 silly ADD node_modules/express/node_modules/get-intrinsic
600 silly ADD node_modules/express/node_modules/call-bound
601 silly ADD node_modules/express/node_modules/side-channel-weakmap
602 silly ADD node_modules/express/node_modules/side-channel-map
603 silly ADD node_modules/express/node_modules/side-channel-list
604 silly ADD node_modules/express/node_modules/object-inspect
605 silly ADD node_modules/express/node_modules/es-errors
606 silly ADD node_modules/express/node_modules/path-to-regexp
607 silly ADD node_modules/express/node_modules/is-promise
608 silly ADD node_modules/express/node_modules/unpipe
609 silly ADD node_modules/express/node_modules/side-channel
610 silly ADD node_modules/express/node_modules/ipaddr.js
611 silly ADD node_modules/express/node_modules/forwarded
612 silly ADD node_modules/express/node_modules/wrappy
613 silly ADD node_modules/express/node_modules/ee-first
614 silly ADD node_modules/express/node_modules/mime-db
615 silly ADD node_modules/express/node_modules/safer-buffer
616 silly ADD node_modules/express/node_modules/toidentifier
617 silly ADD node_modules/express/node_modules/setprototypeof
618 silly ADD node_modules/express/node_modules/inherits
619 silly ADD node_modules/express/node_modules/depd
620 silly ADD node_modules/express/node_modules/ms
621 silly ADD node_modules/express/node_modules/safe-buffer
622 silly ADD node_modules/express/node_modules/raw-body
623 silly ADD node_modules/express/node_modules/raw-body/node_modules/iconv-lite
624 silly ADD node_modules/express/node_modules/iconv-lite
625 silly ADD node_modules/express/node_modules/bytes
626 silly ADD node_modules/express/node_modules/negotiator
627 silly ADD node_modules/express/node_modules/vary
628 silly ADD node_modules/express/node_modules/type-is
629 silly ADD node_modules/express/node_modules/statuses
630 silly ADD node_modules/express/node_modules/serve-static
631 silly ADD node_modules/express/node_modules/send
632 silly ADD node_modules/express/node_modules/router
633 silly ADD node_modules/express/node_modules/range-parser
634 silly ADD node_modules/express/node_modules/qs
635 silly ADD node_modules/express/node_modules/proxy-addr
636 silly ADD node_modules/express/node_modules/parseurl
637 silly ADD node_modules/express/node_modules/once
638 silly ADD node_modules/express/node_modules/on-finished
639 silly ADD node_modules/express/node_modules/mime-types
640 silly ADD node_modules/express/node_modules/merge-descriptors
641 silly ADD node_modules/express/node_modules/http-errors
642 silly ADD node_modules/express/node_modules/http-errors/node_modules/statuses
643 silly ADD node_modules/express/node_modules/fresh
644 silly ADD node_modules/express/node_modules/finalhandler
645 silly ADD node_modules/express/node_modules/etag
646 silly ADD node_modules/express/node_modules/escape-html
647 silly ADD node_modules/express/node_modules/encodeurl
648 silly ADD node_modules/express/node_modules/debug
649 silly ADD node_modules/express/node_modules/cookie-signature
650 silly ADD node_modules/express/node_modules/cookie
651 silly ADD node_modules/express/node_modules/content-type
652 silly ADD node_modules/express/node_modules/content-disposition
653 silly ADD node_modules/express/node_modules/body-parser
654 silly ADD node_modules/express/node_modules/accepts
655 verbose cwd C:\Windows\System32
656 verbose os Windows_NT 10.0.26200
657 verbose node v24.11.0
658 verbose npm  v11.6.1
659 notice
659 notice New [36mpatch[39m version of npm available! [36m11.6.1[39m -> [34m11.6.2[39m
659 notice Changelog: [34mhttps://github.com/npm/cli/releases/tag/v11.6.2[39m
659 notice To update run: [4mnpm install -g npm@11.6.2[24m
659 notice  { force: true, Symbol(proc-log.meta): true }
660 verbose exit 0
661 info ok
